<?xml version="1.0" encoding="UTF-8"?>
<!-- Generated by org.testng.reporters.JUnitReportReporter -->
<testsuite name="TestCases.RestAPI" tests="5" time="9.337" ignored="0" failures="0" timestamp="20 Jun 2021 03:46:38 GMT" skipped="0" hostname="CSPLAP0165" errors="0">
  <testcase name="RESTApiTest_validate_ConfigProperties" time="0.529" classname="TestCases.RestAPI"/>
  <testcase name="RESTApiTest_validate_LoginProperties" time="0.893" classname="TestCases.RestAPI"/>
  <testcase name="RESTApiTest_validate_WrondCredentialsResponse" time="6.164" classname="TestCases.RestAPI"/>
  <testcase name="RESTApiTest_validate_ForgotpwdProperties" time="0.868" classname="TestCases.RestAPI"/>
  <testcase name="RESTApiTest_validate_MainComponents" time="0.883" classname="TestCases.RestAPI"/>
</testsuite> <!-- TestCases.RestAPI -->
