<?xml version="1.0" encoding="UTF-8"?>
<!-- Generated by org.testng.reporters.JUnitReportReporter -->
<testsuite name="TestCases.LoginPageTest" tests="7" time="74.256" ignored="0" failures="0" timestamp="20 Jun 2021 03:45:10 GMT" skipped="0" hostname="CSPLAP0165" errors="0">
  <testcase name="SeleniumTest_validate_SIgnInbtnVisibility" time="9.697" classname="TestCases.LoginPageTest"/>
  <testcase name="SeleniumTest_validate_InvalidLoginError" time="14.716" classname="TestCases.LoginPageTest"/>
  <testcase name="SeleniumTest_validate_currentURL" time="12.984" classname="TestCases.LoginPageTest"/>
  <testcase name="SeleniumTest_validate_HRSlogovisibility" time="8.472" classname="TestCases.LoginPageTest"/>
  <testcase name="SeleniumTest_validate_LoginPageTitle" time="9.545" classname="TestCases.LoginPageTest"/>
  <testcase name="SeleniumTest_validate_termsAndConditionslink" time="9.781" classname="TestCases.LoginPageTest"/>
  <testcase name="SeleniumTest_validate_forgorpwdlinkvisibility" time="9.061" classname="TestCases.LoginPageTest"/>
</testsuite> <!-- TestCases.LoginPageTest -->
